<?xml version="1.0" encoding="UTF-8"?>
<testng-results ignored="0" total="1" passed="1" failed="0" skipped="0">
  <reporter-output>
  </reporter-output>
  <suite started-at="2026-06-08T16:33:27 IST" name="Default suite" finished-at="2026-06-08T16:33:42 IST" duration-ms="14950">
    <groups>
    </groups>
    <test started-at="2026-06-08T16:33:27 IST" name="Default test" finished-at="2026-06-08T16:33:42 IST" duration-ms="14950">
      <class name="MyProject.SauceDemo.test.MyOrder">
        <test-method is-config="true" signature="setup()[pri:0, instance:MyProject.SauceDemo.test.MyOrder@77c2494c]" started-at="2026-06-08T16:33:27 IST" name="setup" finished-at="2026-06-08T16:33:33 IST" duration-ms="5855" status="PASS">
          <reporter-output>
          </reporter-output>
        </test-method> <!-- setup -->
        <test-method signature="submitOrder()[pri:0, instance:MyProject.SauceDemo.test.MyOrder@77c2494c]" started-at="2026-06-08T16:33:33 IST" name="submitOrder" finished-at="2026-06-08T16:33:41 IST" duration-ms="8409" status="PASS">
          <reporter-output>
          </reporter-output>
        </test-method> <!-- submitOrder -->
        <test-method is-config="true" signature="tearDown()[pri:0, instance:MyProject.SauceDemo.test.MyOrder@77c2494c]" started-at="2026-06-08T16:33:41 IST" name="tearDown" finished-at="2026-06-08T16:33:42 IST" duration-ms="478" status="PASS">
          <reporter-output>
          </reporter-output>
        </test-method> <!-- tearDown -->
      </class> <!-- MyProject.SauceDemo.test.MyOrder -->
    </test> <!-- Default test -->
  </suite> <!-- Default suite -->
</testng-results>
